{"/home/mayorcachapa/code/MayorCachapa/dev/10-TS-DataStructures/ts-project/src/data-structures/LinkedList.ts": {"path":"/home/mayorcachapa/code/MayorCachapa/dev/10-TS-DataStructures/ts-project/src/data-structures/LinkedList.ts","statementMap":{"0":{"start":{"line":10,"column":4},"end":{"line":10,"column":21}},"1":{"start":{"line":11,"column":4},"end":{"line":11,"column":21}},"2":{"start":{"line":12,"column":4},"end":{"line":12,"column":20}},"3":{"start":{"line":16,"column":17},"end":{"line":16,"column":31}},"4":{"start":{"line":18,"column":4},"end":{"line":23,"column":5}},"5":{"start":{"line":19,"column":6},"end":{"line":19,"column":23}},"6":{"start":{"line":20,"column":6},"end":{"line":20,"column":23}},"7":{"start":{"line":21,"column":6},"end":{"line":21,"column":20}},"8":{"start":{"line":22,"column":6},"end":{"line":22,"column":13}},"9":{"start":{"line":24,"column":4},"end":{"line":24,"column":18}},"10":{"start":{"line":26,"column":24},"end":{"line":26,"column":33}},"11":{"start":{"line":27,"column":4},"end":{"line":27,"column":21}},"12":{"start":{"line":29,"column":4},"end":{"line":31,"column":5}},"13":{"start":{"line":30,"column":6},"end":{"line":30,"column":23}},"14":{"start":{"line":33,"column":4},"end":{"line":33,"column":39}},"15":{"start":{"line":37,"column":17},"end":{"line":37,"column":31}},"16":{"start":{"line":39,"column":4},"end":{"line":44,"column":5}},"17":{"start":{"line":40,"column":6},"end":{"line":40,"column":23}},"18":{"start":{"line":41,"column":6},"end":{"line":41,"column":23}},"19":{"start":{"line":42,"column":6},"end":{"line":42,"column":20}},"20":{"start":{"line":43,"column":6},"end":{"line":43,"column":13}},"21":{"start":{"line":46,"column":4},"end":{"line":46,"column":18}},"22":{"start":{"line":47,"column":39},"end":{"line":47,"column":48}},"23":{"start":{"line":49,"column":4},"end":{"line":51,"column":5}},"24":{"start":{"line":50,"column":6},"end":{"line":50,"column":46}},"25":{"start":{"line":53,"column":4},"end":{"line":53,"column":35}},"26":{"start":{"line":54,"column":4},"end":{"line":54,"column":21}},"27":{"start":{"line":58,"column":24},"end":{"line":58,"column":33}},"28":{"start":{"line":59,"column":4},"end":{"line":61,"column":5}},"29":{"start":{"line":60,"column":6},"end":{"line":60,"column":13}},"30":{"start":{"line":63,"column":4},"end":{"line":63,"column":42}},"31":{"start":{"line":64,"column":4},"end":{"line":64,"column":18}},"32":{"start":{"line":66,"column":4},"end":{"line":69,"column":5}},"33":{"start":{"line":67,"column":6},"end":{"line":67,"column":23}},"34":{"start":{"line":68,"column":6},"end":{"line":68,"column":23}},"35":{"start":{"line":70,"column":4},"end":{"line":70,"column":29}},"36":{"start":{"line":74,"column":22},"end":{"line":74,"column":31}},"37":{"start":{"line":75,"column":17},"end":{"line":75,"column":26}},"38":{"start":{"line":77,"column":4},"end":{"line":80,"column":5}},"39":{"start":{"line":78,"column":6},"end":{"line":78,"column":40}},"40":{"start":{"line":79,"column":6},"end":{"line":79,"column":46}},"41":{"start":{"line":82,"column":4},"end":{"line":82,"column":23}},"42":{"start":{"line":83,"column":4},"end":{"line":83,"column":24}},"43":{"start":{"line":87,"column":4},"end":{"line":87,"column":23}}},"fnMap":{"0":{"name":"(anonymous_0)","decl":{"start":{"line":9,"column":2},"end":{"line":9,"column":3}},"loc":{"start":{"line":9,"column":16},"end":{"line":13,"column":3}},"line":9},"1":{"name":"(anonymous_1)","decl":{"start":{"line":15,"column":2},"end":{"line":15,"column":3}},"loc":{"start":{"line":15,"column":27},"end":{"line":34,"column":3}},"line":15},"2":{"name":"(anonymous_2)","decl":{"start":{"line":36,"column":2},"end":{"line":36,"column":3}},"loc":{"start":{"line":36,"column":27},"end":{"line":55,"column":3}},"line":36},"3":{"name":"(anonymous_3)","decl":{"start":{"line":57,"column":2},"end":{"line":57,"column":3}},"loc":{"start":{"line":57,"column":32},"end":{"line":71,"column":3}},"line":57},"4":{"name":"(anonymous_4)","decl":{"start":{"line":73,"column":2},"end":{"line":73,"column":3}},"loc":{"start":{"line":73,"column":20},"end":{"line":84,"column":3}},"line":73},"5":{"name":"(anonymous_5)","decl":{"start":{"line":86,"column":2},"end":{"line":86,"column":3}},"loc":{"start":{"line":86,"column":18},"end":{"line":88,"column":3}},"line":86}},"branchMap":{"0":{"loc":{"start":{"line":18,"column":4},"end":{"line":23,"column":5}},"type":"if","locations":[{"start":{"line":18,"column":4},"end":{"line":23,"column":5}},{"start":{},"end":{}}],"line":18},"1":{"loc":{"start":{"line":18,"column":8},"end":{"line":18,"column":39}},"type":"binary-expr","locations":[{"start":{"line":18,"column":8},"end":{"line":18,"column":18}},{"start":{"line":18,"column":22},"end":{"line":18,"column":39}}],"line":18},"2":{"loc":{"start":{"line":29,"column":4},"end":{"line":31,"column":5}},"type":"if","locations":[{"start":{"line":29,"column":4},"end":{"line":31,"column":5}},{"start":{},"end":{}}],"line":29},"3":{"loc":{"start":{"line":39,"column":4},"end":{"line":44,"column":5}},"type":"if","locations":[{"start":{"line":39,"column":4},"end":{"line":44,"column":5}},{"start":{},"end":{}}],"line":39},"4":{"loc":{"start":{"line":49,"column":11},"end":{"line":49,"column":60}},"type":"binary-expr","locations":[{"start":{"line":49,"column":11},"end":{"line":49,"column":22}},{"start":{"line":49,"column":26},"end":{"line":49,"column":60}}],"line":49},"5":{"loc":{"start":{"line":59,"column":4},"end":{"line":61,"column":5}},"type":"if","locations":[{"start":{"line":59,"column":4},"end":{"line":61,"column":5}},{"start":{},"end":{}}],"line":59},"6":{"loc":{"start":{"line":66,"column":4},"end":{"line":69,"column":5}},"type":"if","locations":[{"start":{"line":66,"column":4},"end":{"line":69,"column":5}},{"start":{},"end":{}}],"line":66},"7":{"loc":{"start":{"line":66,"column":8},"end":{"line":66,"column":39}},"type":"binary-expr","locations":[{"start":{"line":66,"column":8},"end":{"line":66,"column":18}},{"start":{"line":66,"column":22},"end":{"line":66,"column":39}}],"line":66}},"s":{"0":9,"1":9,"2":9,"3":7,"4":7,"5":7,"6":7,"7":7,"8":7,"9":0,"10":0,"11":0,"12":0,"13":0,"14":0,"15":10,"16":10,"17":1,"18":1,"19":1,"20":1,"21":9,"22":9,"23":9,"24":3,"25":9,"26":9,"27":2,"28":2,"29":1,"30":1,"31":1,"32":1,"33":0,"34":0,"35":1,"36":1,"37":1,"38":1,"39":2,"40":2,"41":1,"42":1,"43":1},"f":{"0":9,"1":7,"2":10,"3":2,"4":1,"5":1},"b":{"0":[7,0],"1":[7,0],"2":[0,0],"3":[1,9],"4":[12,12],"5":[1,1],"6":[0,1],"7":[1,1]},"_coverageSchema":"1a1c01bbd47fc00a2c39e90264f33305004495a9","hash":"d5c3ec5985ffe095b574e6454a73ed8c72ea0fac"}
,"/home/mayorcachapa/code/MayorCachapa/dev/10-TS-DataStructures/ts-project/src/utils/node.ts": {"path":"/home/mayorcachapa/code/MayorCachapa/dev/10-TS-DataStructures/ts-project/src/utils/node.ts","statementMap":{"0":{"start":{"line":9,"column":4},"end":{"line":9,"column":22}},"1":{"start":{"line":10,"column":4},"end":{"line":10,"column":21}},"2":{"start":{"line":11,"column":4},"end":{"line":11,"column":21}},"3":{"start":{"line":15,"column":4},"end":{"line":19,"column":5}},"4":{"start":{"line":16,"column":6},"end":{"line":18,"column":8}},"5":{"start":{"line":23,"column":4},"end":{"line":23,"column":36}},"6":{"start":{"line":24,"column":4},"end":{"line":24,"column":24}},"7":{"start":{"line":28,"column":4},"end":{"line":28,"column":36}},"8":{"start":{"line":29,"column":4},"end":{"line":29,"column":24}},"9":{"start":{"line":33,"column":4},"end":{"line":33,"column":21}},"10":{"start":{"line":37,"column":4},"end":{"line":37,"column":21}}},"fnMap":{"0":{"name":"(anonymous_0)","decl":{"start":{"line":8,"column":2},"end":{"line":8,"column":3}},"loc":{"start":{"line":8,"column":23},"end":{"line":12,"column":3}},"line":8},"1":{"name":"(anonymous_1)","decl":{"start":{"line":14,"column":2},"end":{"line":14,"column":3}},"loc":{"start":{"line":14,"column":48},"end":{"line":20,"column":3}},"line":14},"2":{"name":"(anonymous_2)","decl":{"start":{"line":22,"column":2},"end":{"line":22,"column":3}},"loc":{"start":{"line":22,"column":33},"end":{"line":25,"column":3}},"line":22},"3":{"name":"(anonymous_3)","decl":{"start":{"line":27,"column":2},"end":{"line":27,"column":3}},"loc":{"start":{"line":27,"column":33},"end":{"line":30,"column":3}},"line":27},"4":{"name":"(anonymous_4)","decl":{"start":{"line":32,"column":2},"end":{"line":32,"column":3}},"loc":{"start":{"line":32,"column":16},"end":{"line":34,"column":3}},"line":32},"5":{"name":"(anonymous_5)","decl":{"start":{"line":36,"column":2},"end":{"line":36,"column":3}},"loc":{"start":{"line":36,"column":16},"end":{"line":38,"column":3}},"line":36}},"branchMap":{"0":{"loc":{"start":{"line":15,"column":4},"end":{"line":19,"column":5}},"type":"if","locations":[{"start":{"line":15,"column":4},"end":{"line":19,"column":5}},{"start":{},"end":{}}],"line":15}},"s":{"0":24,"1":24,"2":24,"3":13,"4":2,"5":2,"6":1,"7":11,"8":10,"9":19,"10":1},"f":{"0":24,"1":13,"2":2,"3":11,"4":19,"5":1},"b":{"0":[2,11]},"_coverageSchema":"1a1c01bbd47fc00a2c39e90264f33305004495a9","hash":"f888ba46e599c24b9bed8c899b85f36f3da5b72c"}
}
