TN:
SF:src/data-structures/LinkedList.ts
FN:9,(anonymous_0)
FN:15,(anonymous_1)
FN:36,(anonymous_2)
FN:57,(anonymous_3)
FN:73,(anonymous_4)
FN:86,(anonymous_5)
FNF:6
FNH:6
FNDA:9,(anonymous_0)
FNDA:7,(anonymous_1)
FNDA:10,(anonymous_2)
FNDA:2,(anonymous_3)
FNDA:1,(anonymous_4)
FNDA:1,(anonymous_5)
DA:10,9
DA:11,9
DA:12,9
DA:16,7
DA:18,7
DA:19,7
DA:20,7
DA:21,7
DA:22,7
DA:24,0
DA:26,0
DA:27,0
DA:29,0
DA:30,0
DA:33,0
DA:37,10
DA:39,10
DA:40,1
DA:41,1
DA:42,1
DA:43,1
DA:46,9
DA:47,9
DA:49,9
DA:50,3
DA:53,9
DA:54,9
DA:58,2
DA:59,2
DA:60,1
DA:63,1
DA:64,1
DA:66,1
DA:67,0
DA:68,0
DA:70,1
DA:74,1
DA:75,1
DA:77,1
DA:78,2
DA:79,2
DA:82,1
DA:83,1
DA:87,1
LF:44
LH:36
BRDA:18,0,0,7
BRDA:18,0,1,0
BRDA:18,1,0,7
BRDA:18,1,1,0
BRDA:29,2,0,0
BRDA:29,2,1,0
BRDA:39,3,0,1
BRDA:39,3,1,9
BRDA:49,4,0,12
BRDA:49,4,1,12
BRDA:59,5,0,1
BRDA:59,5,1,1
BRDA:66,6,0,0
BRDA:66,6,1,1
BRDA:66,7,0,1
BRDA:66,7,1,1
BRF:16
BRH:11
end_of_record
TN:
SF:src/utils/node.ts
FN:8,(anonymous_0)
FN:14,(anonymous_1)
FN:22,(anonymous_2)
FN:27,(anonymous_3)
FN:32,(anonymous_4)
FN:36,(anonymous_5)
FNF:6
FNH:6
FNDA:24,(anonymous_0)
FNDA:13,(anonymous_1)
FNDA:2,(anonymous_2)
FNDA:11,(anonymous_3)
FNDA:19,(anonymous_4)
FNDA:1,(anonymous_5)
DA:9,24
DA:10,24
DA:11,24
DA:15,13
DA:16,2
DA:23,2
DA:24,1
DA:28,11
DA:29,10
DA:33,19
DA:37,1
LF:11
LH:11
BRDA:15,0,0,2
BRDA:15,0,1,11
BRF:2
BRH:2
end_of_record
